#
# There is insufficient memory for the Java Runtime Environment to continue.
# Native memory allocation (mmap) failed to map 134217728 bytes for G1 virtual space
# Possible reasons:
#   The system is out of physical RAM or swap space
#   The process is running with CompressedOops enabled, and the Java Heap may be blocking the growth of the native heap
# Possible solutions:
#   Reduce memory load on the system
#   Increase physical memory or swap space
#   Check if swap backing store is full
#   Decrease Java heap size (-Xmx/-Xms)
#   Decrease number of Java threads
#   Decrease Java thread stack sizes (-Xss)
#   Set larger code cache with -XX:ReservedCodeCacheSize=
#   JVM is running with Unscaled Compressed Oops mode in which the Java heap is
#     placed in the first 4GB address space. The Java Heap base address is the
#     maximum limit for the native heap growth. Please use -XX:HeapBaseMinAddress
#     to set the Java Heap base and to place the Java Heap above 4GB virtual address.
# This output file may be truncated or incomplete.
#
#  Out of Memory Error (./open/src/hotspot/os/windows/os_windows.cpp:3321), pid=15968, tid=17396
#
# JRE version:  (15.0.2+7) (build )
# Java VM: OpenJDK 64-Bit Server VM (15.0.2+7-27, mixed mode, sharing, tiered, compressed oops, g1 gc, windows-amd64)
# No core dump will be written. Minidumps are not enabled by default on client versions of Windows
#

---------------  S U M M A R Y ------------

Command Line: -Dcom.sun.management.jmxremote -Dcom.sun.management.jmxremote.port=62984 -Dcom.sun.management.jmxremote.authenticate=false -Dcom.sun.management.jmxremote.ssl=false -Djava.rmi.server.hostname=localhost -Dspring.jmx.enabled=true -Dspring.application.admin.enabled=true -XX:TieredStopAtLevel=1 -Dspring.boot.project.name=SDM -Dfile.encoding=UTF-8 -XX:+ShowCodeDetailsInExceptionMessages com.spring.sdm.SdmApplication --spring.output.ansi.enabled=always

Host: Intel(R) Core(TM) i5-4300U CPU @ 1.90GHz, 4 cores, 7G,  Windows 10 , 64 bit Build 18362 (10.0.18362.329)
Time: Tue Apr 27 15:23:45 2021 India Standard Time elapsed time: 0.050828 seconds (0d 0h 0m 0s)

---------------  T H R E A D  ---------------

Current thread (0x0000018e5212fae0):  JavaThread "Unknown thread" [_thread_in_vm, id=17396, stack(0x000000027f300000,0x000000027f400000)]

Stack: [0x000000027f300000,0x000000027f400000]
Native frames: (J=compiled Java code, j=interpreted, Vv=VM code, C=native code)
V  [jvm.dll+0x62ae9a]
V  [jvm.dll+0x7817a9]
V  [jvm.dll+0x782f03]
V  [jvm.dll+0x783563]
V  [jvm.dll+0x216325]
V  [jvm.dll+0x6281d9]
V  [jvm.dll+0x61cf55]
V  [jvm.dll+0x2cffdd]
V  [jvm.dll+0x2cfe42]
V  [jvm.dll+0x2d5e1c]
V  [jvm.dll+0x32590a]
V  [jvm.dll+0x324fd4]
V  [jvm.dll+0x2a6f5a]
V  [jvm.dll+0x2a80f8]
V  [jvm.dll+0x75e241]
V  [jvm.dll+0x3341c4]
V  [jvm.dll+0x73e926]
V  [jvm.dll+0x3b7557]
V  [jvm.dll+0x3b8fe1]
C  [jli.dll+0x52fb]
C  [ucrtbase.dll+0x20e72]
C  [KERNEL32.DLL+0x17bd4]
C  [ntdll.dll+0x6ced1]


---------------  P R O C E S S  ---------------

Threads class SMR info:
_java_thread_list=0x00007ff9af824ff0, length=0, elements={
}

Java Threads: ( => current thread )

Other Threads:
  0x0000018e5216f200 GCTaskThread "GC Thread#0" [stack: 0x000000027f400000,0x000000027f500000] [id=23004]
  0x0000018e521810f0 ConcurrentGCThread "G1 Main Marker" [stack: 0x000000027f500000,0x000000027f600000] [id=17640]
  0x0000018e52182410 ConcurrentGCThread "G1 Conc#0" [stack: 0x000000027f600000,0x000000027f700000] [id=25136]

[error occurred during error reporting (printing all threads), id 0xc0000005, EXCEPTION_ACCESS_VIOLATION (0xc0000005) at pc=0x00007ff9af017e27]

VM state: not at safepoint (not fully initialized)

VM Mutex/Monitor currently owned by a thread:  ([mutex/lock_event])
[0x0000018e5212cca0] Heap_lock - owner thread: 0x0000018e5212fae0

Heap address: 0x0000000081800000, size: 2024 MB, Compressed Oops mode: 32-bit
CDS archive(s) mapped at: [0x0000000000000000-0x0000000000000000-0x0000000000000000), size 0, SharedBaseAddress: 0x0000000800000000, ArchiveRelocationMode: 0.
Narrow klass base: 0x0000000000000000, Narrow klass shift: 0, Narrow klass range: 0x0

Heap:
 garbage-first heap   total 131072K, used 0K [0x0000000081800000, 0x0000000100000000)
  region size 1024K, 0 young (0K), 0 survivors (0K)
 Metaspace       used 0K, capacity 0K, committed 0K, reserved 0K
  class space    used 0K, capacity 0K, committed 0K, reserved 0K

Heap Regions: E=young(eden), S=young(survivor), O=old, HS=humongous(starts), HC=humongous(continues), CS=collection set, F=free, OA=open archive, CA=closed archive, TAMS=top-at-mark-start (previous, next)

Card table byte_map: [0x0000018e64f30000,0x0000018e65330000] _byte_map_base: 0x0000018e64b24000

Marking Bits (Prev, Next): (CMBitMap*) 0x0000018e52170990, (CMBitMap*) 0x0000018e521709d0
 Prev Bits: [0x0000018e65730000, 0x0000018e676d0000)
 Next Bits: [0x0000018e676d0000, 0x0000018e69670000)

GC Heap History (0 events):
No events

Deoptimization events (0 events):
No events

Classes unloaded (0 events):
No events

Classes redefined (0 events):
No events

Internal exceptions (0 events):
No events

Events (1 events):
Event: 0.036 Loaded shared library F:\SPRINGBOOT\sts-4.10.0.RELEASE\plugins\org.eclipse.justj.openjdk.hotspot.jre.full.win32.x86_64_15.0.2.v20210201-0955\jre\bin\java.dll


Dynamic libraries:
0x00007ff609270000 - 0x00007ff60927d000 	F:\SPRINGBOOT\sts-4.10.0.RELEASE\plugins\org.eclipse.justj.openjdk.hotspot.jre.full.win32.x86_64_15.0.2.v20210201-0955\jre\bin\javaw.exe
0x00007ff9def40000 - 0x00007ff9df130000 	C:\Windows\SYSTEM32\ntdll.dll
0x00007ff9dde20000 - 0x00007ff9dded2000 	C:\Windows\System32\KERNEL32.DLL
0x00007ff9dca20000 - 0x00007ff9dccc3000 	C:\Windows\System32\KERNELBASE.dll
0x00007ff9dc8f0000 - 0x00007ff9dc9ea000 	C:\Windows\System32\ucrtbase.dll
0x00007ff9cd040000 - 0x00007ff9cd058000 	F:\SPRINGBOOT\sts-4.10.0.RELEASE\plugins\org.eclipse.justj.openjdk.hotspot.jre.full.win32.x86_64_15.0.2.v20210201-0955\jre\bin\jli.dll
0x00007ff9ded60000 - 0x00007ff9deef4000 	C:\Windows\System32\USER32.dll
0x00007ff9dccd0000 - 0x00007ff9dccf1000 	C:\Windows\System32\win32u.dll
0x00007ff9deb70000 - 0x00007ff9deb96000 	C:\Windows\System32\GDI32.dll
0x00007ff9dce50000 - 0x00007ff9dcfe4000 	C:\Windows\System32\gdi32full.dll
0x00007ff9dbf20000 - 0x00007ff9dbfbe000 	C:\Windows\System32\msvcp_win.dll
0x00007ff9cce40000 - 0x00007ff9cce59000 	F:\SPRINGBOOT\sts-4.10.0.RELEASE\plugins\org.eclipse.justj.openjdk.hotspot.jre.full.win32.x86_64_15.0.2.v20210201-0955\jre\bin\VCRUNTIME140.dll
0x00007ff9ca450000 - 0x00007ff9ca6d5000 	C:\Windows\WinSxS\amd64_microsoft.windows.common-controls_6595b64144ccf1df_6.0.18362.418_none_e6c6b287130d565d\COMCTL32.dll
0x00007ff9dea80000 - 0x00007ff9deb1e000 	C:\Windows\System32\msvcrt.dll
0x00007ff9dda00000 - 0x00007ff9ddd36000 	C:\Windows\System32\combase.dll
0x00007ff9dd460000 - 0x00007ff9dd580000 	C:\Windows\System32\RPCRT4.dll
0x00007ff9dc870000 - 0x00007ff9dc8f0000 	C:\Windows\System32\bcryptPrimitives.dll
0x00007ff9deb40000 - 0x00007ff9deb6e000 	C:\Windows\System32\IMM32.DLL
0x00007ff9da8b0000 - 0x00007ff9da8bc000 	F:\SPRINGBOOT\sts-4.10.0.RELEASE\plugins\org.eclipse.justj.openjdk.hotspot.jre.full.win32.x86_64_15.0.2.v20210201-0955\jre\bin\vcruntime140_1.dll
0x00007ff9bfd80000 - 0x00007ff9bfe11000 	F:\SPRINGBOOT\sts-4.10.0.RELEASE\plugins\org.eclipse.justj.openjdk.hotspot.jre.full.win32.x86_64_15.0.2.v20210201-0955\jre\bin\msvcp140.dll
0x00007ff9aed60000 - 0x00007ff9af8be000 	F:\SPRINGBOOT\sts-4.10.0.RELEASE\plugins\org.eclipse.justj.openjdk.hotspot.jre.full.win32.x86_64_15.0.2.v20210201-0955\jre\bin\server\jvm.dll
0x00007ff9de6e0000 - 0x00007ff9de783000 	C:\Windows\System32\ADVAPI32.dll
0x00007ff9ddee0000 - 0x00007ff9ddf77000 	C:\Windows\System32\sechost.dll
0x00007ff9ded50000 - 0x00007ff9ded58000 	C:\Windows\System32\PSAPI.DLL
0x00007ff9cbe70000 - 0x00007ff9cbe79000 	C:\Windows\SYSTEM32\WSOCK32.dll
0x00007ff9de8d0000 - 0x00007ff9de93f000 	C:\Windows\System32\WS2_32.dll
0x00007ff9d9930000 - 0x00007ff9d9954000 	C:\Windows\SYSTEM32\WINMM.dll
0x00007ff9d19b0000 - 0x00007ff9d19ba000 	C:\Windows\SYSTEM32\VERSION.dll
0x00007ff9d9970000 - 0x00007ff9d999d000 	C:\Windows\SYSTEM32\WINMMBASE.dll
0x00007ff9dbed0000 - 0x00007ff9dbf1a000 	C:\Windows\System32\cfgmgr32.dll
0x00007ff9dbe90000 - 0x00007ff9dbea1000 	C:\Windows\System32\kernel.appcore.dll
0x00007ff9da870000 - 0x00007ff9da87a000 	F:\SPRINGBOOT\sts-4.10.0.RELEASE\plugins\org.eclipse.justj.openjdk.hotspot.jre.full.win32.x86_64_15.0.2.v20210201-0955\jre\bin\jimage.dll
0x00007ff9cca00000 - 0x00007ff9ccbf4000 	C:\Windows\SYSTEM32\DBGHELP.DLL
0x00007ff9cc0a0000 - 0x00007ff9cc0ca000 	C:\Windows\SYSTEM32\dbgcore.DLL
0x00007ff9d4b00000 - 0x00007ff9d4b25000 	F:\SPRINGBOOT\sts-4.10.0.RELEASE\plugins\org.eclipse.justj.openjdk.hotspot.jre.full.win32.x86_64_15.0.2.v20210201-0955\jre\bin\java.dll

dbghelp: loaded successfully - version: 4.0.5 - missing functions: none
symbol engine: initialized successfully - sym options: 0x614 - pdb path: .;F:\SPRINGBOOT\sts-4.10.0.RELEASE\plugins\org.eclipse.justj.openjdk.hotspot.jre.full.win32.x86_64_15.0.2.v20210201-0955\jre\bin;C:\Windows\SYSTEM32;C:\Windows\WinSxS\amd64_microsoft.windows.common-controls_6595b64144ccf1df_6.0.18362.418_none_e6c6b287130d565d;F:\SPRINGBOOT\sts-4.10.0.RELEASE\plugins\org.eclipse.justj.openjdk.hotspot.jre.full.win32.x86_64_15.0.2.v20210201-0955\jre\bin\server

VM Arguments:
jvm_args: -Dcom.sun.management.jmxremote -Dcom.sun.management.jmxremote.port=62984 -Dcom.sun.management.jmxremote.authenticate=false -Dcom.sun.management.jmxremote.ssl=false -Djava.rmi.server.hostname=localhost -Dspring.jmx.enabled=true -Dspring.application.admin.enabled=true -XX:TieredStopAtLevel=1 -Dspring.boot.project.name=SDM -Dfile.encoding=UTF-8 -XX:+ShowCodeDetailsInExceptionMessages 
java_command: com.spring.sdm.SdmApplication --spring.output.ansi.enabled=always
java_class_path (initial): F:\SPRINGBOOT\SDM\target\classes;C:\Users\Akshay\.m2\repository\org\springframework\boot\spring-boot-starter-data-jpa\2.4.5\spring-boot-starter-data-jpa-2.4.5.jar;C:\Users\Akshay\.m2\repository\org\springframework\boot\spring-boot-starter-aop\2.4.5\spring-boot-starter-aop-2.4.5.jar;C:\Users\Akshay\.m2\repository\org\aspectj\aspectjweaver\1.9.6\aspectjweaver-1.9.6.jar;C:\Users\Akshay\.m2\repository\org\springframework\boot\spring-boot-starter-jdbc\2.4.5\spring-boot-starter-jdbc-2.4.5.jar;C:\Users\Akshay\.m2\repository\com\zaxxer\HikariCP\3.4.5\HikariCP-3.4.5.jar;C:\Users\Akshay\.m2\repository\org\springframework\spring-jdbc\5.3.6\spring-jdbc-5.3.6.jar;C:\Users\Akshay\.m2\repository\jakarta\transaction\jakarta.transaction-api\1.3.3\jakarta.transaction-api-1.3.3.jar;C:\Users\Akshay\.m2\repository\jakarta\persistence\jakarta.persistence-api\2.2.3\jakarta.persistence-api-2.2.3.jar;C:\Users\Akshay\.m2\repository\org\hibernate\hibernate-core\5.4.30.Final\hibernate-core-5.4.30.Final.jar;C:\Users\Akshay\.m2\repository\org\javassist\javassist\3.27.0-GA\javassist-3.27.0-GA.jar;C:\Users\Akshay\.m2\repository\net\bytebuddy\byte-buddy\1.10.22\byte-buddy-1.10.22.jar;C:\Users\Akshay\.m2\repository\antlr\antlr\2.7.7\antlr-2.7.7.jar;C:\Users\Akshay\.m2\repository\org\jboss\jandex\2.2.3.Final\jandex-2.2.3.Final.jar;C:\Users\Akshay\.m2\repository\org\dom4j\dom4j\2.1.3\dom4j-2.1.3.jar;C:\Users\Akshay\.m2\repository\org\hibernate\common\hibernate-commons-annotations\5.1.2.Final\hibernate-commons-annotations-5.1.2.Final.jar;C:\Users\Akshay\.m2\repository\org\glassfish\jaxb\jaxb-runtime\2.3.4\jaxb-runtime-2.3.4.jar;C:\Users\Akshay\.m2\repository\org\glassfish\jaxb\txw2\2.3.4\txw2-2.3.4.jar;C:\Users\Akshay\.m2\repository\com\sun\istack\istack-commons-runtime\3.0.12\istack-commons-runtime-3.0.12.jar;C:\Users\Akshay\.m2\repository\com\sun\activation\jakarta.activation\1.2.2\jakarta.activation-1.2.2.jar;C:\Users\Akshay\.m2\repository\org\springframework\data\spring
Launcher Type: SUN_STANDARD

[Global flags]
     intx CICompilerCount                          = 3                                         {product} {ergonomic}
     uint ConcGCThreads                            = 1                                         {product} {ergonomic}
     uint G1ConcRefinementThreads                  = 4                                         {product} {ergonomic}
   size_t G1HeapRegionSize                         = 1048576                                   {product} {ergonomic}
    uintx GCDrainStackTargetSize                   = 64                                        {product} {ergonomic}
   size_t InitialHeapSize                          = 134217728                                 {product} {ergonomic}
     bool ManagementServer                         = true                                      {product} {command line}
   size_t MarkStackSize                            = 4194304                                   {product} {ergonomic}
   size_t MaxHeapSize                              = 2122317824                                {product} {ergonomic}
   size_t MinHeapDeltaBytes                        = 1048576                                   {product} {ergonomic}
   size_t MinHeapSize                              = 8388608                                   {product} {ergonomic}
    uintx NonNMethodCodeHeapSize                   = 6973028                                {pd product} {ergonomic}
    uintx NonProfiledCodeHeapSize                  = 244685212                              {pd product} {ergonomic}
    uintx ProfiledCodeHeapSize                     = 0                                      {pd product} {ergonomic}
    uintx ReservedCodeCacheSize                    = 251658240                              {pd product} {ergonomic}
     bool SegmentedCodeCache                       = true                                      {product} {ergonomic}
     bool ShowCodeDetailsInExceptionMessages       = true                                   {manageable} {command line}
   size_t SoftMaxHeapSize                          = 2122317824                             {manageable} {ergonomic}
     intx TieredStopAtLevel                        = 1                                         {product} {command line}
     bool UseCompressedClassPointers               = true                                 {lp64_product} {ergonomic}
     bool UseCompressedOops                        = true                                 {lp64_product} {ergonomic}
     bool UseG1GC                                  = true                                      {product} {ergonomic}
     bool UseLargePagesIndividualAllocation        = false                                  {pd product} {ergonomic}

Logging:
Log output configuration:
 #0: stdout all=warning uptime,level,tags
 #1: stderr all=off uptime,level,tags

Environment Variables:
JAVA_HOME=C:\Java\jdk1.8.0_152\bin
PATH=F:/SPRINGBOOT/sts-4.10.0.RELEASE//plugins/org.eclipse.justj.openjdk.hotspot.jre.full.win32.x86_64_15.0.2.v20210201-0955/jre/bin/server;F:/SPRINGBOOT/sts-4.10.0.RELEASE//plugins/org.eclipse.justj.openjdk.hotspot.jre.full.win32.x86_64_15.0.2.v20210201-0955/jre/bin;C:\ProgramData\Oracle\Java\javapath;C:\Java\jdk1.8.0_152\bin;C:\src\flutter\bin;C:\Users\Akshay\AppData\Local\Programs\Python\Python38-32;C:\Users\Akshay\AppData\Local\Programs\Python\Python38-32\Scripts;C:\Program Files\nodejs\;C:\Windows\System32;C:\hadoop\bin;C:\hadoop\sbin;C:\Program Files\MongoDB\Server\4.4\bin;C:\Program Files\Git\cmd;C:\Windows\System32;C:\Users\Akshay\AppData\Local\Programs\Microsoft VS Code\bin;C:\flutter\bin;C:\Java\jdk1.8.0_152\bin;C:\Java\jre1.8.0_152\bin;F:\;E:\;C:\Users\Akshay\AppData\Roaming\npm;C:\Windows\System32\wbem;;F:\SPRINGBOOT\sts-4.10.0.RELEASE;
USERNAME=Akshay
OS=Windows_NT
PROCESSOR_IDENTIFIER=Intel64 Family 6 Model 69 Stepping 1, GenuineIntel



---------------  S Y S T E M  ---------------

OS:
 Windows 10 , 64 bit Build 18362 (10.0.18362.329)
OS uptime: 65 days 18:06 hours

CPU: total 4 (initial active 4) (2 cores per cpu, 2 threads per core) family 6 model 69 stepping 1 microcode 0x25, cmov, cx8, fxsr, mmx, sse, sse2, sse3, ssse3, sse4.1, sse4.2, popcnt, vzeroupper, avx, avx2, aes, clmul, erms, lzcnt, ht, tsc, tscinvbit, bmi1, bmi2, fma, clflush

Memory: 4k page, system-wide physical 8089M (925M free)
TotalPageFile size 21766M (AvailPageFile size 132M)
current process WorkingSet (physical memory assigned to process): 9M, peak: 10M
current process commit charge ("private bytes"): 49M, peak: 177M

vm_info: OpenJDK 64-Bit Server VM (15.0.2+7-27) for windows-amd64 JRE (15.0.2+7-27), built on Dec  7 2020 20:02:38 by "mach5one" with unknown MS VC++:1925

END.
